<?xml version="1.0" encoding="UTF-8"?>
<testsuite name="com.kenzie.eventplanner.integration.Phase3Test" tests="2" skipped="0" failures="0" errors="0" timestamp="2022-08-30T02:40:56" hostname="Nicholes-MacBook-Pro.local" time="2.091">
  <properties/>
  <testcase name="getInvitesForOrganizerActivity_hasEvents_returnsEvents()" classname="com.kenzie.eventplanner.integration.Phase3Test" time="2.003"/>
  <testcase name="getInvitesForOrganizerActivity_noEvents_returnsEmptyLIst()" classname="com.kenzie.eventplanner.integration.Phase3Test" time="0.088"/>
  <system-out><![CDATA[]]></system-out>
  <system-err><![CDATA[]]></system-err>
</testsuite>
