<?xml version="1.0" encoding="UTF-8"?>
<testsuite name="com.kenzie.eventplanner.integration.Phase0Test" tests="3" skipped="0" failures="0" errors="0" timestamp="2022-08-29T22:12:58" hostname="Nicholes-MacBook-Pro.local" time="1.737">
  <properties/>
  <testcase name="[1] DynamoDBIndexes-Events" classname="com.kenzie.eventplanner.integration.Phase0Test" time="0.88"/>
  <testcase name="[2] DynamoDBIndexes-Invites" classname="com.kenzie.eventplanner.integration.Phase0Test" time="0.463"/>
  <testcase name="[3] DynamoDBIndexes-Members" classname="com.kenzie.eventplanner.integration.Phase0Test" time="0.384"/>
  <system-out><![CDATA[]]></system-out>
  <system-err><![CDATA[]]></system-err>
</testsuite>
