<?xml version="1.0" encoding="UTF-8"?>
<testsuite name="com.kenzie.dynamodbindexdesign.littleleague.integration.Phase2Test" tests="6" skipped="0" failures="0" errors="0" timestamp="2022-08-29T21:39:22" hostname="Nicholes-MacBook-Pro.local" time="3.253">
  <properties/>
  <testcase name="getAwayMatches_teamWithNoAwayGames_returnEmptyList()" classname="com.kenzie.dynamodbindexdesign.littleleague.integration.Phase2Test" time="2.81"/>
  <testcase name="getAwayMatches_tooEarly_returnEmptyList()" classname="com.kenzie.dynamodbindexdesign.littleleague.integration.Phase2Test" time="0.084"/>
  <testcase name="getAwayMatches_teamNotInLeague_returnEmptyList()" classname="com.kenzie.dynamodbindexdesign.littleleague.integration.Phase2Test" time="0.083"/>
  <testcase name="getAwayMatches_teamWithMultipleMatches_returnsOnlyAwayGames()" classname="com.kenzie.dynamodbindexdesign.littleleague.integration.Phase2Test" time="0.086"/>
  <testcase name="getAwayMatches_tooLate_returnEmptyList()" classname="com.kenzie.dynamodbindexdesign.littleleague.integration.Phase2Test" time="0.102"/>
  <testcase name="getAwayMatches_teamWithOneAwayGame_returnsOneAwayGame()" classname="com.kenzie.dynamodbindexdesign.littleleague.integration.Phase2Test" time="0.086"/>
  <system-out><![CDATA[]]></system-out>
  <system-err><![CDATA[]]></system-err>
</testsuite>
