<?xml version="1.0" encoding="UTF-8"?>
<testsuite name="com.kenzie.dynamodbtabledesign.icecreamparlor.integration.Phase1Test" tests="1" skipped="0" failures="0" errors="0" timestamp="2022-08-28T02:38:22" hostname="Nicholes-MacBook-Pro.local" time="0.731">
  <properties/>
  <testcase name="[1] Cartons" classname="com.kenzie.dynamodbtabledesign.icecreamparlor.integration.Phase1Test" time="0.731"/>
  <system-out><![CDATA[]]></system-out>
  <system-err><![CDATA[]]></system-err>
</testsuite>
